Branch indexing
20:26:47 Connecting to https://api.github.com using ConDoRrus21/****** (GitHub PAT for codeby-devops)
Obtained lesson26/Jenkinsfile from dd12baf26d03280d93d075e27faaaddfeef233e8
[Pipeline] Start of Pipeline
[Pipeline] node
Running on maven-agent in /home/kali/jenkins-agent/workspace/multi-build_lesson26
[Pipeline] {
[Pipeline] stage
[Pipeline] { (Declarative: Checkout SCM)
[Pipeline] checkout
The recommended git tool is: NONE
using credential github-condorrus21-pat
Fetching changes from the remote Git repository
Fetching without tags
 > git rev-parse --resolve-git-dir /home/kali/jenkins-agent/workspace/multi-build_lesson26/.git # timeout=10
 > git config remote.origin.url https://github.com/ConDoRrus21/codeby-devops.git # timeout=10
Fetching upstream changes from https://github.com/ConDoRrus21/codeby-devops.git
 > git --version # timeout=10
 > git --version # 'git version 2.51.0'
using GIT_ASKPASS to set credentials GitHub PAT for codeby-devops
 > git fetch --no-tags --force --progress -- https://github.com/ConDoRrus21/codeby-devops.git +refs/heads/lesson26:refs/remotes/origin/lesson26 # timeout=10
Checking out Revision dd12baf26d03280d93d075e27faaaddfeef233e8 (lesson26)
Commit message: "fix app messages"
 > git config core.sparsecheckout # timeout=10
 > git checkout -f dd12baf26d03280d93d075e27faaaddfeef233e8 # timeout=10
 > git rev-list --no-walk dd12baf26d03280d93d075e27faaaddfeef233e8 # timeout=10
[Pipeline] }
[Pipeline] // stage
[Pipeline] withEnv
[Pipeline] {
[Pipeline] withEnv
[Pipeline] {
[Pipeline] stage
[Pipeline] { (Declarative: Tool Install)
[Pipeline] tool
[Pipeline] envVarsForTool
[Pipeline] tool
[Pipeline] envVarsForTool
[Pipeline] }
[Pipeline] // stage
[Pipeline] withEnv
[Pipeline] {
[Pipeline] stage
[Pipeline] { (Detect changes)
[Pipeline] tool
[Pipeline] envVarsForTool
[Pipeline] tool
[Pipeline] envVarsForTool
[Pipeline] withEnv
[Pipeline] {
[Pipeline] script
[Pipeline] {
[Pipeline] sh
+ git diff --name-only HEAD~1 HEAD
[Pipeline] echo
Changed files: [lesson26/hello-devops/src/test/java/com/mycompany/app/AppTest.java, lesson26/hello-jenkins/src/test/java/com/mycompany/app/AppTest.java, lesson26/simple-java-maven-app/src/test/java/com/mycompany/app/AppTest.java]
[Pipeline] echo
CHANGED_APPS = 'lesson26/simple-java-maven-app,lesson26/hello-jenkins,lesson26/hello-devops'
[Pipeline] }
[Pipeline] // script
[Pipeline] }
[Pipeline] // withEnv
[Pipeline] }
[Pipeline] // stage
[Pipeline] stage
[Pipeline] { (Build and Test in parallel)
[Pipeline] parallel
[Pipeline] { (Branch: simple-java-maven-app)
[Pipeline] { (Branch: hello-jenkins)
[Pipeline] { (Branch: hello-devops)
[Pipeline] stage
[Pipeline] { (simple-java-maven-app)
[Pipeline] stage
[Pipeline] { (hello-jenkins)
[Pipeline] stage
[Pipeline] { (hello-devops)
[Pipeline] tool
[Pipeline] tool
[Pipeline] tool
[Pipeline] envVarsForTool
[Pipeline] envVarsForTool
[Pipeline] envVarsForTool
[Pipeline] tool
[Pipeline] envVarsForTool
[Pipeline] withEnv
[Pipeline] {
[Pipeline] tool
[Pipeline] envVarsForTool
[Pipeline] tool
[Pipeline] stage
[Pipeline] { (Build simple)
[Pipeline] withEnv
[Pipeline] {
[Pipeline] envVarsForTool
[Pipeline] stage
[Pipeline] { (Build jenkins)
[Pipeline] withEnv
[Pipeline] {
[Pipeline] stage
[Pipeline] { (Build devops)
[Pipeline] tool
[Pipeline] tool
[Pipeline] tool
[Pipeline] envVarsForTool
[Pipeline] envVarsForTool
[Pipeline] envVarsForTool
[Pipeline] tool
[Pipeline] tool
[Pipeline] envVarsForTool
[Pipeline] tool
[Pipeline] withEnv
[Pipeline] {
[Pipeline] envVarsForTool
[Pipeline] withEnv
[Pipeline] {
[Pipeline] envVarsForTool
[Pipeline] withEnv
[Pipeline] {
[Pipeline] dir
Running in /home/kali/jenkins-agent/workspace/multi-build_lesson26/lesson26/simple-java-maven-app
[Pipeline] {
[Pipeline] dir
Running in /home/kali/jenkins-agent/workspace/multi-build_lesson26/lesson26/hello-devops
[Pipeline] {
[Pipeline] sh
[Pipeline] dir
Running in /home/kali/jenkins-agent/workspace/multi-build_lesson26/lesson26/hello-jenkins
[Pipeline] {
[Pipeline] sh
+ mvn -B clean package
[Pipeline] sh
+ mvn -B clean package
+ mvn -B clean package
WARNING: A terminally deprecated method in sun.misc.Unsafe has been called
WARNING: sun.misc.Unsafe::staticFieldBase has been called by com.google.inject.internal.aop.HiddenClassDefiner (file:/home/kali/jenkins-agent/tools/hudson.tasks.Maven_MavenInstallation/Maven3/lib/guice-5.1.0-classes.jar)
WARNING: Please consider reporting this to the maintainers of class com.google.inject.internal.aop.HiddenClassDefiner
WARNING: sun.misc.Unsafe::staticFieldBase will be removed in a future release
WARNING: A terminally deprecated method in sun.misc.Unsafe has been called
WARNING: sun.misc.Unsafe::staticFieldBase has been called by com.google.inject.internal.aop.HiddenClassDefiner (file:/home/kali/jenkins-agent/tools/hudson.tasks.Maven_MavenInstallation/Maven3/lib/guice-5.1.0-classes.jar)
WARNING: Please consider reporting this to the maintainers of class com.google.inject.internal.aop.HiddenClassDefiner
WARNING: sun.misc.Unsafe::staticFieldBase will be removed in a future release
WARNING: A terminally deprecated method in sun.misc.Unsafe has been called
WARNING: sun.misc.Unsafe::staticFieldBase has been called by com.google.inject.internal.aop.HiddenClassDefiner (file:/home/kali/jenkins-agent/tools/hudson.tasks.Maven_MavenInstallation/Maven3/lib/guice-5.1.0-classes.jar)
WARNING: Please consider reporting this to the maintainers of class com.google.inject.internal.aop.HiddenClassDefiner
WARNING: sun.misc.Unsafe::staticFieldBase will be removed in a future release
[INFO] Scanning for projects...
[INFO] Scanning for projects...
[INFO]
[INFO] ----------------------< com.mycompany.app:my-app >----------------------
[INFO] Building my-app 1.0-SNAPSHOT
[INFO]   from pom.xml
[INFO] --------------------------------[ jar ]---------------------------------
[INFO] Scanning for projects...
[INFO]
[INFO] ----------------------< com.mycompany.app:my-app >----------------------
[INFO] Building my-app 1.0-SNAPSHOT
[INFO]   from pom.xml
[INFO] --------------------------------[ jar ]---------------------------------
[INFO]
[INFO] ----------------------< com.mycompany.app:my-app >----------------------
[INFO] Building my-app 1.0-SNAPSHOT
[INFO]   from pom.xml
[INFO] --------------------------------[ jar ]---------------------------------
[INFO]
[INFO] --- clean:3.2.0:clean (default-clean) @ my-app ---
[INFO]
[INFO] --- clean:3.2.0:clean (default-clean) @ my-app ---
[INFO]
[INFO] --- clean:3.2.0:clean (default-clean) @ my-app ---
[INFO] Deleting /home/kali/jenkins-agent/workspace/multi-build_lesson26/lesson26/hello-jenkins/target
[INFO] Deleting /home/kali/jenkins-agent/workspace/multi-build_lesson26/lesson26/simple-java-maven-app/target
[INFO]
[INFO] --- enforcer:3.6.2:enforce (enforce-maven) @ my-app ---
[INFO] Deleting /home/kali/jenkins-agent/workspace/multi-build_lesson26/lesson26/hello-devops/target
[INFO]
[INFO] --- enforcer:3.6.2:enforce (enforce-maven) @ my-app ---
[INFO]
[INFO] --- enforcer:3.6.2:enforce (enforce-maven) @ my-app ---
[INFO] Rule 0: org.apache.maven.enforcer.rules.version.RequireMavenVersion passed
[INFO] Rule 1: org.apache.maven.enforcer.rules.version.RequireJavaVersion passed
[INFO]
[INFO] --- resources:3.3.1:resources (default-resources) @ my-app ---
[INFO] Rule 0: org.apache.maven.enforcer.rules.version.RequireMavenVersion passed
[INFO] Rule 1: org.apache.maven.enforcer.rules.version.RequireJavaVersion passed
[INFO]
[INFO] --- resources:3.3.1:resources (default-resources) @ my-app ---
[INFO] Rule 0: org.apache.maven.enforcer.rules.version.RequireMavenVersion passed
[INFO] Rule 1: org.apache.maven.enforcer.rules.version.RequireJavaVersion passed
[INFO]
[INFO] --- resources:3.3.1:resources (default-resources) @ my-app ---
[INFO] skip non existing resourceDirectory /home/kali/jenkins-agent/workspace/multi-build_lesson26/lesson26/simple-java-maven-app/src/main/resources
[INFO]
[INFO] --- compiler:3.14.1:compile (default-compile) @ my-app ---
[INFO] skip non existing resourceDirectory /home/kali/jenkins-agent/workspace/multi-build_lesson26/lesson26/hello-devops/src/main/resources
[INFO]
[INFO] --- compiler:3.14.1:compile (default-compile) @ my-app ---
[INFO] skip non existing resourceDirectory /home/kali/jenkins-agent/workspace/multi-build_lesson26/lesson26/hello-jenkins/src/main/resources
[INFO]
[INFO] --- compiler:3.14.1:compile (default-compile) @ my-app ---
[INFO] Recompiling the module because of changed source code.
[INFO] Compiling 1 source file with javac [debug release 17] to target/classes
[INFO] Recompiling the module because of changed source code.
[INFO] Compiling 1 source file with javac [debug release 17] to target/classes
[INFO] Recompiling the module because of changed source code.
[INFO] Compiling 1 source file with javac [debug release 17] to target/classes
[INFO]
[INFO] --- resources:3.3.1:testResources (default-testResources) @ my-app ---
[INFO] skip non existing resourceDirectory /home/kali/jenkins-agent/workspace/multi-build_lesson26/lesson26/hello-jenkins/src/test/resources
[INFO]
[INFO] --- compiler:3.14.1:testCompile (default-testCompile) @ my-app ---
[INFO] Recompiling the module because of changed dependency.
[INFO] Compiling 1 source file with javac [debug release 17] to target/test-classes
[INFO]
[INFO] --- resources:3.3.1:testResources (default-testResources) @ my-app ---
[INFO] skip non existing resourceDirectory /home/kali/jenkins-agent/workspace/multi-build_lesson26/lesson26/simple-java-maven-app/src/test/resources
[INFO]
[INFO] --- compiler:3.14.1:testCompile (default-testCompile) @ my-app ---
[INFO] Recompiling the module because of changed dependency.
[INFO] Compiling 1 source file with javac [debug release 17] to target/test-classes
[INFO]
[INFO] --- resources:3.3.1:testResources (default-testResources) @ my-app ---
[INFO] skip non existing resourceDirectory /home/kali/jenkins-agent/workspace/multi-build_lesson26/lesson26/hello-devops/src/test/resources
[INFO]
[INFO] --- compiler:3.14.1:testCompile (default-testCompile) @ my-app ---
[INFO] Recompiling the module because of changed dependency.
[INFO] Compiling 1 source file with javac [debug release 17] to target/test-classes
[INFO]
[INFO] --- surefire:3.2.5:test (default-test) @ my-app ---
[INFO]
[INFO] --- surefire:3.2.5:test (default-test) @ my-app ---
[INFO]
[INFO] --- surefire:3.2.5:test (default-test) @ my-app ---
[INFO] Using auto detected provider org.apache.maven.surefire.junitplatform.JUnitPlatformProvider
[INFO] Using auto detected provider org.apache.maven.surefire.junitplatform.JUnitPlatformProvider
[INFO] Using auto detected provider org.apache.maven.surefire.junitplatform.JUnitPlatformProvider
[INFO]
[INFO] -------------------------------------------------------
[INFO]  T E S T S
[INFO] -------------------------------------------------------
[INFO]
[INFO] -------------------------------------------------------
[INFO]  T E S T S
[INFO] -------------------------------------------------------
[INFO]
[INFO] -------------------------------------------------------
[INFO]  T E S T S
[INFO] -------------------------------------------------------
[INFO] Running com.mycompany.app.AppTest
[INFO] Tests run: 2, Failures: 0, Errors: 0, Skipped: 0, Time elapsed: 1.642 s -- in com.mycompany.app.AppTest
[INFO]
[INFO] Results:
[INFO]
[INFO] Tests run: 2, Failures: 0, Errors: 0, Skipped: 0
[INFO]
[INFO]
[INFO] --- jar:3.5.0:jar (default-jar) @ my-app ---
[INFO] Running com.mycompany.app.AppTest
[ERROR] Tests run: 2, Failures: 1, Errors: 0, Skipped: 0, Time elapsed: 1.998 s <<< FAILURE! -- in com.mycompany.app.AppTest
[ERROR] com.mycompany.app.AppTest.testAppMessage -- Time elapsed: 0.454 s <<< FAILURE!
org.opentest4j.AssertionFailedError: expected: <Hello Jenkins!> but was: <Hello jenkins!>
	at org.junit.jupiter.api.AssertionFailureBuilder.build(AssertionFailureBuilder.java:158)
	at org.junit.jupiter.api.AssertionFailureBuilder.buildAndThrow(AssertionFailureBuilder.java:139)
	at org.junit.jupiter.api.AssertEquals.failNotEqual(AssertEquals.java:201)
	at org.junit.jupiter.api.AssertEquals.assertEquals(AssertEquals.java:184)
	at org.junit.jupiter.api.AssertEquals.assertEquals(AssertEquals.java:179)
	at org.junit.jupiter.api.Assertions.assertEquals(Assertions.java:1188)
	at com.mycompany.app.AppTest.testAppMessage(AppTest.java:23)

[INFO]
[INFO] Results:
[INFO]
[ERROR] Failures:
[ERROR]   AppTest.testAppMessage:23 expected: <Hello Jenkins!> but was: <Hello jenkins!>
[INFO]
[ERROR] Tests run: 2, Failures: 1, Errors: 0, Skipped: 0
[INFO]
[INFO] ------------------------------------------------------------------------
[INFO] BUILD FAILURE
[INFO] ------------------------------------------------------------------------
[INFO] Total time:  55.119 s
[INFO] Finished at: 2025-12-15T23:28:16+03:00
[INFO] ------------------------------------------------------------------------
[INFO] Running com.mycompany.app.AppTest
[INFO] Tests run: 2, Failures: 0, Errors: 0, Skipped: 0, Time elapsed: 1.652 s -- in com.mycompany.app.AppTest
[INFO]
[INFO] Results:
[INFO]
[INFO] Tests run: 2, Failures: 0, Errors: 0, Skipped: 0
[INFO]
[INFO]
[INFO] --- jar:3.5.0:jar (default-jar) @ my-app ---
[ERROR] Failed to execute goal org.apache.maven.plugins:maven-surefire-plugin:3.2.5:test (default-test) on project my-app: There are test failures.
[ERROR]
[ERROR] Please refer to /home/kali/jenkins-agent/workspace/multi-build_lesson26/lesson26/hello-jenkins/target/surefire-reports for the individual test results.
[ERROR] Please refer to dump files (if any exist) [date].dump, [date]-jvmRun[N].dump and [date].dumpstream.
[ERROR] -> [Help 1]
[ERROR]
[ERROR] To see the full stack trace of the errors, re-run Maven with the -e switch.
[ERROR] Re-run Maven using the -X switch to enable full debug logging.
[ERROR]
[ERROR] For more information about the errors and possible solutions, please read the following articles:
[ERROR] [Help 1] http://cwiki.apache.org/confluence/display/MAVEN/MojoFailureException
[Pipeline] }
[Pipeline] // dir
[Pipeline] }
[Pipeline] // withEnv
[Pipeline] }
[Pipeline] // stage
[Pipeline] stage
[Pipeline] { (Deploy jenkins)
Stage "Deploy jenkins" skipped due to earlier failure(s)
[Pipeline] getContext
[Pipeline] }
[Pipeline] // stage
[Pipeline] }
[Pipeline] // withEnv
[Pipeline] }
[Pipeline] // stage
[Pipeline] }
Failed in branch hello-jenkins
[INFO] Building jar: /home/kali/jenkins-agent/workspace/multi-build_lesson26/lesson26/simple-java-maven-app/target/my-app-1.0-SNAPSHOT.jar
[INFO] ------------------------------------------------------------------------
[INFO] BUILD SUCCESS
[INFO] ------------------------------------------------------------------------
[INFO] Total time:  01:02 min
[INFO] Finished at: 2025-12-15T23:28:23+03:00
[INFO] ------------------------------------------------------------------------
[Pipeline] }
[INFO] Building jar: /home/kali/jenkins-agent/workspace/multi-build_lesson26/lesson26/hello-devops/target/my-app-1.0-SNAPSHOT.jar
[INFO] ------------------------------------------------------------------------
[INFO] BUILD SUCCESS
[INFO] ------------------------------------------------------------------------
[INFO] Total time:  01:02 min
[INFO] Finished at: 2025-12-15T23:28:23+03:00
[INFO] ------------------------------------------------------------------------
[Pipeline] // dir
[Pipeline] }
[Pipeline] // withEnv
[Pipeline] }
[Pipeline] }
[Pipeline] // stage
[Pipeline] // dir
[Pipeline] }
[Pipeline] // withEnv
[Pipeline] stage
[Pipeline] { (Deploy simple)
[Pipeline] }
[Pipeline] // stage
[Pipeline] stage
[Pipeline] { (Deploy devops)
[Pipeline] tool
[Pipeline] tool
[Pipeline] envVarsForTool
[Pipeline] envVarsForTool
[Pipeline] tool
[Pipeline] envVarsForTool
[Pipeline] tool
[Pipeline] withEnv
[Pipeline] {
[Pipeline] envVarsForTool
[Pipeline] withEnv
[Pipeline] {
[Pipeline] dir
Running in /home/kali/jenkins-agent/workspace/multi-build_lesson26/lesson26/simple-java-maven-app
[Pipeline] {
[Pipeline] sh
[Pipeline] dir
Running in /home/kali/jenkins-agent/workspace/multi-build_lesson26/lesson26/hello-devops
[Pipeline] {
+ java -jar target/my-app-1.0-SNAPSHOT.jar
[Pipeline] sh
[Pipeline] }
+ java -jar target/my-app-1.0-SNAPSHOT.jar
Hello Devops!
[Pipeline] // dir
[Pipeline] }
[Pipeline] }
[Pipeline] // withEnv
[Pipeline] // dir
[Pipeline] }
[Pipeline] }
[Pipeline] // stage
[Pipeline] // withEnv
[Pipeline] }
[Pipeline] }
[Pipeline] // withEnv
[Pipeline] // stage
[Pipeline] }
[Pipeline] }
[Pipeline] // stage
[Pipeline] // withEnv
[Pipeline] }
[Pipeline] }
[Pipeline] // stage
[Pipeline] }
[Pipeline] // parallel
[Pipeline] }
[Pipeline] // stage
[Pipeline] stage
[Pipeline] { (Declarative: Post Actions)
[Pipeline] script
[Pipeline] {
[Pipeline] sh
+ ls **/target/*.jar
+ echo
[Pipeline] echo
No JAR artifacts to archive.
[Pipeline] }
[Pipeline] // script
[Pipeline] }
[Pipeline] // stage
[Pipeline] }
[Pipeline] // withEnv
[Pipeline] }
[Pipeline] // withEnv
[Pipeline] }
[Pipeline] // withEnv
[Pipeline] }
[Pipeline] // node
[Pipeline] End of Pipeline
ERROR: script returned exit code 1

GitHub has been notified of this commitâ€™s build result

Finished: FAILURE